20240408	09:12:12	3160e973-e352-4522-80b1-22013c038a7b	GET	/home	http://localhost:5173
20240408	09:12:12	aa204992-b2f4-43e3-8160-9d5fc14ad7ce	GET	/home	http://localhost:5173
20240408	09:12:36	1923fe66-3066-4d6b-9834-e3ffbeed30ba	GET	/home	http://localhost:5173
20240408	09:12:36	77c41d0b-2a67-4d54-99b1-fb0d311ab0fe	GET	/home	http://localhost:5173
20240408	09:12:44	9b8a8d80-c396-4fdb-b386-0142fc678c75	GET	/home	http://localhost:5173
20240408	09:12:44	5938dbdb-dc0a-44d9-8bb6-2837ea412a39	GET	/home	http://localhost:5173
20240408	10:29:15	6ba53ef9-1d0a-4562-a231-6e1ee697da83	OPTIONS	/api/v1/register	http://localhost:5173
20240408	10:29:15	9fb9b0f4-56f9-4d4d-836b-f6f8d2879083	POST	/api/v1/register	http://localhost:5173
20240408	10:32:44	c9976770-c49f-498d-8435-0c7e101c08bd	OPTIONS	/api/v1/register	http://localhost:5173
20240408	10:32:44	2140d138-424a-4823-bddf-15740a70e111	POST	/api/v1/register	http://localhost:5173
20240408	10:35:34	03a8a797-7cbb-443c-845e-f910a328fedd	OPTIONS	/api/v1/register	http://localhost:5173
20240408	10:35:34	7050c39e-72fb-4865-96a8-1e387d7556fb	POST	/api/v1/register	http://localhost:5173
20240408	10:36:15	b1372b78-b86e-446d-af05-afce695a6093	GET	/api/v1/login	http://localhost:5173
20240408	10:36:35	fedf41f6-6c43-46b5-8ec0-ee7b00cbc4ee	GET	/api/v1/login	http://localhost:5173
20240408	10:37:40	3486c81a-8699-4248-b69b-4cd61cd010cc	GET	/api/v1/login	http://localhost:5173
20240408	10:38:28	3a3097a6-a591-4353-b964-040a6b2f513d	GET	/api/v1/login	http://localhost:5173
20240408	10:39:20	c97652cb-57be-4b41-a221-f355a4bff4d8	GET	/api/v1/login	http://localhost:5173
20240408	10:42:15	0406d5e6-33b1-49ef-9b44-4af5dd7f2222	OPTIONS	/api/v1/login	http://localhost:5173
20240408	10:42:15	076dff34-115c-473f-8deb-3d3d05d6fddf	POST	/api/v1/login	http://localhost:5173
20240408	10:48:29	36524e6d-c797-48af-9728-bea1f664f013	OPTIONS	/api/v1/login	http://localhost:5173
20240408	10:48:29	3053e635-22ad-4c53-8215-02c2a2d2f949	POST	/api/v1/login	http://localhost:5173
20240408	10:49:10	e7db8ebf-543f-4705-8131-dbd162abac2a	OPTIONS	/api/v1/login	http://localhost:5173
20240408	10:49:10	0267c449-34c9-4d21-b17c-943a4fe0f754	POST	/api/v1/login	http://localhost:5173
20240408	10:59:28	a75c1c83-940c-443c-9f07-546c24bfa26f	OPTIONS	/api/v1/login	http://localhost:5173
20240408	10:59:28	5506bd7b-6eee-42aa-87ce-56f9b972af5f	POST	/api/v1/login	http://localhost:5173
20240408	11:03:19	88cd2921-3bca-4e99-a977-dacb42811eec	OPTIONS	/api/v1/login	http://localhost:5173
20240408	11:03:19	75274ad0-3597-4ff8-8c01-c9311673fd0c	POST	/api/v1/login	http://localhost:5173
20240408	11:06:40	c75f3e15-34c8-442e-9829-d77c0d35a3ce	OPTIONS	/api/v1/register	http://localhost:5173
20240408	11:06:40	c6d04d67-ba90-4d1f-85e6-78e952a9128f	POST	/api/v1/register	http://localhost:5173
20240408	11:06:46	d66104c9-07e9-46dd-9dcd-daef2676fa66	OPTIONS	/api/v1/register	http://localhost:5173
20240408	11:06:46	c33fbae8-5047-4f48-935c-89f416ae2983	POST	/api/v1/register	http://localhost:5173
20240408	11:49:19	8bff0924-a9a1-43d2-8b41-127b4cc13b5a	OPTIONS	/api/v1/login	http://localhost:5173
20240408	11:49:19	8ace18f4-210b-4d01-96ca-0d612447bb64	POST	/api/v1/login	http://localhost:5173
20240409	15:33:25	56cf96b0-7a8e-4c59-bb44-8fa833759448	OPTIONS	/api/v1/login	http://localhost:5173
20240409	15:33:25	882f5b17-ecdd-42aa-bb97-9171fa12d4a8	POST	/api/v1/login	http://localhost:5173
20240409	15:34:45	f0838fbd-7231-493a-9f5b-6a63e6c2aae7	OPTIONS	/api/v1/login	http://localhost:5173
20240409	15:34:45	bd22f333-f515-47a2-8f30-8024034f0e6e	POST	/api/v1/login	http://localhost:5173
20240409	15:35:28	4d746b01-e194-47c6-ae96-7d8da8a14a9d	OPTIONS	/api/v1/login	http://localhost:5173
20240409	15:35:28	aebc70f1-a2f6-4fc1-9b2f-1843f6f40d20	POST	/api/v1/login	http://localhost:5173
20240409	15:37:12	06c788ba-0a5f-4a9c-b54b-b58b14dbdd9d	OPTIONS	/api/v1/login	http://localhost:5173
20240409	15:37:12	488cfb0b-f6d3-4a2d-ab72-399d3f7edd48	POST	/api/v1/login	http://localhost:5173
20240409	15:38:54	d8912c35-15c4-424b-baf5-4864d742b4d9	OPTIONS	/api/v1/login	http://localhost:5173
20240409	15:38:54	92f0fbd4-c0fc-4231-8e8e-405c3ade3302	POST	/api/v1/login	http://localhost:5173
20240409	15:45:44	d9299300-7b23-4ebd-ba9c-d0688a4d13b7	OPTIONS	/api/v1/login	http://localhost:5173
20240409	15:45:44	48deb135-e654-4a06-972a-c7d8e85cd409	POST	/api/v1/login	http://localhost:5173
20240409	15:46:06	9a33a736-7273-4c1b-ac2f-44c2ff6dca2e	OPTIONS	/api/v1/login	http://localhost:5173
20240409	15:46:06	959b3d2b-5ae1-4077-b7a0-28a3aa5bafca	POST	/api/v1/login	http://localhost:5173
20240409	15:53:03	e7562cfb-753e-4d45-9e90-8cc93732fa72	OPTIONS	/api/v1/login	http://localhost:5173
20240409	15:53:03	7d670e16-c70f-4d08-8d2d-b0d6c932be50	POST	/api/v1/login	http://localhost:5173
20240409	15:56:44	19568452-1887-470b-b777-dcf9be124885	OPTIONS	/api/v1/login	http://localhost:5173
20240409	15:56:44	6c2c80bb-2558-43bd-8543-142d4c963fcc	POST	/api/v1/login	http://localhost:5173
20240409	16:28:41	b1404deb-c630-4f78-822e-997ed3f5ef05	GET	/api/v1/articles	undefined
20240409	16:29:34	63c9446a-8880-46cb-b90d-7638012ee8d7	POST	/api/v1/articles	undefined
20240409	16:29:57	3ab328e8-478d-49ed-abe9-a2d3e5b14a3a	GET	/api/v1/articles	undefined
20240409	16:30:07	16fb7bb6-cb5e-4c9f-a6a4-1faeccde58b3	DELETE	/api/v1/articles/:2	undefined
20240409	16:30:14	ac80e6bf-3171-4e77-87d9-7dfccfb65dda	DELETE	/api/v1/articles/?2	undefined
20240409	16:30:49	bfee0895-747e-43c4-ab1f-ba9e69cf993b	DELETE	/api/v1/articles/2	undefined
20240409	16:43:19	273f0446-c15c-40d2-ad0a-d5c92193c7b3	OPTIONS	/api/v1/login	http://localhost:5173
20240409	16:43:19	fabcb98f-cdb6-4ae8-8017-7a89b6a89f52	POST	/api/v1/login	http://localhost:5173
20240409	16:45:34	14461c55-1d11-4492-a907-3a1d47d2cdaf	OPTIONS	/api/v1/login	http://localhost:5173
20240409	16:45:34	7474f35e-aed3-4b79-96c6-cd48ab232d23	POST	/api/v1/login	http://localhost:5173
20240409	16:50:15	8cd0ea49-386c-4137-a4d3-552d88fcbf5b	OPTIONS	/api/v1/login	http://localhost:5173
20240409	16:50:15	396296cc-7251-4fd5-a06b-0a602649f40a	POST	/api/v1/login	http://localhost:5173
20240409	16:52:35	0ccc68ea-717c-46d2-b79a-cd7e0f44686c	OPTIONS	/api/v1/login	http://localhost:5173
20240409	16:52:35	33c3b500-e05b-4143-be8e-1b446dde376b	POST	/api/v1/login	http://localhost:5173
20240409	16:55:07	85891ce5-d0a4-4537-b8b7-10e13bddcb35	OPTIONS	/api/v1/login	http://localhost:5173
20240409	16:55:07	e4823848-a9ed-42f5-a99a-d0f550b32ea0	POST	/api/v1/login	http://localhost:5173
20240409	19:43:35	8c34c62b-fefc-44fb-a4c1-7358cf0098a4	OPTIONS	/api/v1/login	http://localhost:5173
20240409	19:43:35	8e17654e-3e82-45aa-a93d-607662f45dc4	POST	/api/v1/login	http://localhost:5173
20240409	21:40:54	916267ad-7dc4-427c-962a-fbcfcaf3eef3	GET	/api/v1/articles	http://localhost:5173
20240409	21:40:54	87d94154-0922-48dc-a4dd-b9289bce31f2	GET	/api/v1/articles	http://localhost:5173
20240409	21:41:21	81500af7-5b63-47b3-aa27-7426f5cbd399	GET	/api/v1/articles	http://localhost:5173
20240409	21:41:24	c0a5fe39-49ba-4e76-b9e9-e26d56675da3	GET	/api/v1/articles	http://localhost:5173
20240409	21:41:24	52303f85-89c1-4611-a0c6-6bf031030962	GET	/api/v1/articles	http://localhost:5173
20240409	21:42:16	a17db863-74dc-467f-894b-8d366b84bc1d	GET	/api/v1/articles	http://localhost:5173
20240409	21:42:16	845dc757-759b-417c-8350-e8f57b97f5ee	GET	/api/v1/articles	http://localhost:5173
20240409	21:42:30	b395852d-189f-470d-b776-55aa052dbe39	GET	/api/v1/articles	http://localhost:5173
20240409	21:43:04	adfe5a09-036e-404b-931c-f745732b48ff	GET	/api/v1/articles	http://localhost:5173
20240409	21:49:15	e45d6222-dd81-48eb-a55e-96c04fe5fbd8	GET	/api/v1/articles	http://localhost:5173
20240409	21:51:35	20c89abb-7b12-49dc-8224-6ee416d30044	GET	/api/v1/articles	http://localhost:5173
20240409	22:00:01	bf02880f-69a0-4050-8824-a8476db80d8f	GET	/api/v1/articles	http://localhost:5173
20240409	22:06:55	3a684245-b69c-484b-b34b-b451cfee1ae3	POST	/api/v1/articles	undefined
20240409	22:11:34	7724ad41-a6b8-48ef-8a4d-346d1b799894	GET	/api/v1/articles	http://localhost:5173
20240409	22:11:34	f6305e3c-4c52-4df0-9b7a-d97fc3b83d45	GET	/api/v1/articles	http://localhost:5173
20240409	22:12:10	4661b8e2-0fb1-4f6d-8d82-27427bb0a571	OPTIONS	/api/v1/articles	http://localhost:5173
20240409	22:12:10	6019a2ca-fa71-45f0-aecc-c76f0002f932	POST	/api/v1/articles	http://localhost:5173
20240409	22:12:20	6a638f1a-6c39-47a6-99e2-30344e7dba01	OPTIONS	/api/v1/articles	http://localhost:5173
20240409	22:12:20	cc68ce14-28c8-4e9a-b640-db4b069b7c1e	POST	/api/v1/articles	http://localhost:5173
20240409	22:12:21	a70c65c7-02c3-4aed-8940-b79c60785193	POST	/api/v1/articles	http://localhost:5173
20240409	22:12:21	9a22578f-2e38-4b9d-8a64-dbb7d1ee68e9	POST	/api/v1/articles	http://localhost:5173
20240409	22:13:15	eed08c34-ae38-4c04-a71f-8cd0ef537a4d	GET	/api/v1/articles	http://localhost:5173
20240409	22:13:15	425a7c06-3d7a-4968-bbab-76fb4055602e	GET	/api/v1/articles	http://localhost:5173
20240409	22:14:08	cf917622-67c4-4ee1-af8b-4e6f36eeef77	GET	/api/v1/articles	http://localhost:5173
20240409	22:14:08	859a74fe-91cd-4685-b9aa-05c4632f1155	GET	/api/v1/articles	http://localhost:5173
20240409	22:14:29	a90bd27d-9c02-4aa0-a2c4-8c86cab69df8	OPTIONS	/api/v1/articles	http://localhost:5173
20240409	22:14:29	4789535b-2c61-4442-819d-19e744501fa0	POST	/api/v1/articles	http://localhost:5173
20240409	22:14:40	aa4c86d9-0d92-42f8-9d5f-3d82ddb2a8ed	GET	/api/v1/articles	http://localhost:5173
20240409	22:14:40	1735e855-b362-4756-90cf-f8cf5a217323	GET	/api/v1/articles	http://localhost:5173
20240410	18:32:22	fbe101c6-1637-4aa3-8d0c-5d70ff95007c	GET	/api/v1/articles	http://localhost:5173
20240410	18:32:22	6a32fe8c-8ff5-4aad-9d6c-f9a3458e63a9	GET	/api/v1/articles	http://localhost:5173
20240410	18:35:14	72191ce5-935c-4c1a-8737-49196de612a2	GET	/api/v1/articles	http://localhost:5173
20240410	18:35:28	20f22f0f-2d0d-460a-b112-a5540cde73f4	GET	/api/v1/articles	http://localhost:5173
20240410	18:42:21	acb34a29-ba2a-4b1b-a5a3-4ad197aa2f86	GET	/api/v1/articles	http://localhost:5173
20240410	18:47:31	be404057-eaf4-4e53-935b-3ff875ccb7ff	GET	/api/v1/articles	http://localhost:5173
20240410	18:47:31	8cfdd39c-52ff-427e-b411-b5d2eef0eb74	GET	/api/v1/articles	http://localhost:5173
20240410	18:47:49	1cb66ac0-44ca-4a5f-bfa9-2783c819d83d	OPTIONS	/api/v1/articles/undefined	http://localhost:5173
20240410	18:47:49	a3184a80-4f1b-48ac-b668-f7ed73b503e9	DELETE	/api/v1/articles/undefined	http://localhost:5173
20240410	18:51:12	2a1881b5-ccfa-4056-b309-00c033e7f05f	GET	/api/v1/articles	http://localhost:5173
20240410	18:51:24	96ac4d8c-181c-4764-944e-e523828d4789	GET	/api/v1/articles	http://localhost:5173
20240410	18:51:27	20972a57-d350-4e3d-80af-6881bb6a3777	OPTIONS	/api/v1/articles/8cb0d164-7934-49f0-bb60-9f4fd6cee398	http://localhost:5173
20240410	18:51:27	7295ed34-0ef6-4db0-ab30-1599805cb314	DELETE	/api/v1/articles/8cb0d164-7934-49f0-bb60-9f4fd6cee398	http://localhost:5173
20240410	18:51:30	85194739-2c76-44dc-8f87-ca3d0ea56fcd	GET	/api/v1/articles	http://localhost:5173
20240410	18:51:30	9c44b21e-ae50-4066-923f-42edbb8338c7	GET	/api/v1/articles	http://localhost:5173
20240410	18:53:46	9008c59e-47b1-49d7-bfa6-3ad4316a9b75	GET	/api/v1/articles	http://localhost:5173
20240410	18:54:27	a5134de5-68a9-4116-b35f-76e21c1a0db4	OPTIONS	/api/v1/articles	http://localhost:5173
20240410	18:54:27	4730412f-9783-436d-911a-942f699944f4	POST	/api/v1/articles	http://localhost:5173
20240410	18:54:33	d5b71d34-6852-4990-bec8-9ec5acf02b63	GET	/api/v1/articles	http://localhost:5173
20240410	18:54:33	d48de273-fcd4-4c25-9d86-360ef6cd9a56	GET	/api/v1/articles	http://localhost:5173
20240410	19:06:29	4dc3baea-30cf-42e8-85bd-dc37f64b9ce7	GET	/api/v1/articles	http://localhost:5173
20240410	19:06:29	5959b753-219f-4407-bec8-93230e677764	GET	/api/v1/articles	http://localhost:5173
20240410	19:06:55	50073105-f98b-4258-9636-0ab715f60842	GET	/api/v1/articles	http://localhost:5173
20240410	19:07:20	db48f08b-0041-4a76-9d0f-cb8ce2455180	GET	/api/v1/articles	http://localhost:5173
20240410	19:07:20	a6c9a851-c435-4642-91f5-9acb917a0758	GET	/api/v1/articles	http://localhost:5173
20240410	19:07:40	cff055a6-26b5-4e36-8e73-7abb8d673dd4	GET	/api/v1/articles	http://localhost:5173
20240410	19:07:56	a1665a61-3d5c-47a9-9e3b-54030edbb66a	GET	/api/v1/articles	http://localhost:5173
20240410	19:08:12	5fb41160-4307-4456-b7a1-5bdd4ae175b4	GET	/api/v1/articles	http://localhost:5173
20240410	19:08:12	ef3ffcff-97f2-4f81-9d6a-ac43274d2c55	GET	/api/v1/articles	http://localhost:5173
20240410	19:11:04	139ac5ec-6dba-4d88-b3b7-3eb395e96950	GET	/api/v1/articles	http://localhost:5173
20240410	19:11:04	b94799d8-0cd8-4f5f-9f03-4a9923d1bade	GET	/api/v1/articles	http://localhost:5173
20240410	19:11:18	5856f3cc-f7bb-4a7e-85b6-0eeb395b9ccf	GET	/api/v1/articles	http://localhost:5173
20240410	19:11:18	4c6f7f73-f84c-4212-996f-c9081021c316	GET	/api/v1/articles	http://localhost:5173
20240410	19:11:28	4c83f0d2-0eca-4633-86c2-eed12a6c943f	GET	/api/v1/articles	http://localhost:5173
20240410	19:11:28	135db1e8-2a71-46ba-9d10-f34dd56d920a	GET	/api/v1/articles	http://localhost:5173
20240410	19:11:32	5c074237-a957-46d3-a0d3-8000278b6e4a	GET	/api/v1/articles	http://localhost:5173
20240410	19:11:33	6ab71a8c-eb12-403b-85a4-005a3276a269	GET	/api/v1/articles	http://localhost:5173
20240410	19:11:44	4e4e3194-0acc-40f8-8d73-7f676eae0903	OPTIONS	/api/v1/articles	http://localhost:5173
20240410	19:11:44	dcb305b3-5604-4a62-9987-02b9f713469e	POST	/api/v1/articles	http://localhost:5173
20240410	19:11:47	eb14ce67-1990-4aed-a248-99d9ac5ecaa0	GET	/api/v1/articles	http://localhost:5173
20240410	19:11:48	c93fecbc-627e-4995-9428-3948ac9fe407	GET	/api/v1/articles	http://localhost:5173
20240410	19:12:10	1b7e0b73-f371-4103-adf5-337e7099cb36	GET	/api/v1/articles	http://localhost:5173
20240410	19:12:10	f6c4d3c8-7899-4469-9f1e-a8ccc271ccc2	GET	/api/v1/articles	http://localhost:5173
20240410	19:12:13	303f1e35-54e1-4314-96f8-9deefcedced3	GET	/api/v1/articles	http://localhost:5173
20240410	19:12:13	8450f2cc-31f6-4fc4-9094-4a3c4db094d7	GET	/api/v1/articles	http://localhost:5173
20240410	19:12:13	42031a97-1243-4c58-a860-2d6f23d639e6	GET	/api/v1/articles	http://localhost:5173
20240410	19:12:13	f9e61290-957d-4614-a042-56ed93571eaa	GET	/api/v1/articles	http://localhost:5173
20240410	19:12:19	fda86de4-d306-4153-bd41-0a352ddb3dca	GET	/api/v1/articles	http://localhost:5173
20240410	19:12:28	e9d34c51-3031-45dd-825b-56d8d4a354e9	OPTIONS	/api/v1/articles/2b4a2817-93e6-4930-8ab2-b1e188cb9e39	http://localhost:5173
20240410	19:12:28	2986ea6d-7ece-41a2-83a4-7b0fd51969a8	DELETE	/api/v1/articles/2b4a2817-93e6-4930-8ab2-b1e188cb9e39	http://localhost:5173
20240410	19:12:30	392d5b7f-d100-4314-91d3-c17f53709711	GET	/api/v1/articles	http://localhost:5173
20240410	19:12:30	bef01744-ddb5-4c41-9edd-5bd8c2a0eb85	GET	/api/v1/articles	http://localhost:5173
20240410	19:12:30	8af916b4-0645-4b3f-927a-2d0e62560b70	GET	/api/v1/articles	http://localhost:5173
20240410	19:12:30	a1513cd5-6044-4acb-bbab-038ef9c819be	GET	/api/v1/articles	http://localhost:5173
20240410	19:12:46	cd283d20-4d22-433f-84be-cc9b663ac5ae	GET	/api/v1/articles	http://localhost:5173
20240410	19:12:52	772eaac0-8e0e-4782-8a16-042b1ce5bce7	GET	/api/v1/articles	http://localhost:5173
20240410	19:12:52	6d9440cd-5951-42e8-bb67-d72f45f89677	GET	/api/v1/articles	http://localhost:5173
20240410	19:12:52	8972f94e-6ada-4ebd-8554-f88d38a7c7b9	GET	/api/v1/articles	http://localhost:5173
20240410	19:12:52	bad5fbe6-658d-4a5b-b85c-9ccfb8e19c73	GET	/api/v1/articles	http://localhost:5173
20240410	19:13:06	2b36199f-0297-47cf-82fa-ae6c70147c37	GET	/api/v1/articles	http://localhost:5173
20240410	19:13:06	3325171d-ad8c-41c1-978c-0a6839d5409e	GET	/api/v1/articles	http://localhost:5173
20240410	19:13:24	20caced7-b64a-40ea-8dff-e8701073557d	GET	/api/v1/articles	http://localhost:5173
20240410	19:13:24	f471d702-0408-48ec-bb06-fb9d9b6ed03c	GET	/api/v1/articles	http://localhost:5173
20240410	19:13:49	48901131-3b8f-4321-be17-80800a54d565	GET	/api/v1/articles	http://localhost:5173
20240410	19:13:49	349a0a36-9dce-4220-ae0d-4dfa38770db6	GET	/api/v1/articles	http://localhost:5173
20240410	19:13:49	83cfd956-efba-4d1f-82f2-e80597467f1a	GET	/api/v1/articles	http://localhost:5173
20240410	19:13:49	eb23d457-7620-4f4e-887f-a683a467c1d9	GET	/api/v1/articles	http://localhost:5173
20240410	19:14:52	1ca8a147-8823-46bb-a2de-6f8e4f5a9343	GET	/api/v1/articles	http://localhost:5173
20240410	19:14:52	a93a6654-9746-485f-9507-6513f53a27a9	GET	/api/v1/articles	http://localhost:5173
20240410	19:14:52	f1f04344-52a6-407a-b48b-6598cb6e603a	GET	/api/v1/articles	http://localhost:5173
20240410	19:14:52	a42effe8-3e3a-4f47-a4a9-d837dd2b7e29	GET	/api/v1/articles	http://localhost:5173
20240410	19:15:14	44e17c1f-5991-4e1d-9c5d-e335f233f896	OPTIONS	/api/v1/articles	http://localhost:5173
20240410	19:15:14	61e528bd-127b-4306-ae3d-8ca9fa7e1c2c	POST	/api/v1/articles	http://localhost:5173
20240410	19:15:17	cc7dfa52-08ad-4d13-b859-e6f7bef6dc90	GET	/api/v1/articles	http://localhost:5173
20240410	19:15:17	1fb05f74-9a67-4c91-8bbe-5d7e57a83b8d	GET	/api/v1/articles	http://localhost:5173
20240410	19:15:17	29f1295f-9711-4397-83b9-d78521ee9b14	GET	/api/v1/articles	http://localhost:5173
20240410	19:15:17	c2ebed84-863c-4f39-bcb5-06037a678199	GET	/api/v1/articles	http://localhost:5173
20240410	19:15:22	f298f1d2-d66b-4aae-b9a5-2ca3ebb6eb07	GET	/api/v1/articles	http://localhost:5173
20240410	19:15:31	be2b4dd8-7e78-46ad-81a7-61cf41a9e3bb	OPTIONS	/api/v1/articles/be333678-86ca-4790-a772-7d6ecedb64a5	http://localhost:5173
20240410	19:15:31	aa2a35e2-fa03-4c35-b414-7cb025466ec0	DELETE	/api/v1/articles/be333678-86ca-4790-a772-7d6ecedb64a5	http://localhost:5173
20240410	19:15:32	72bb5eca-6a28-41c9-9043-779be754a134	GET	/api/v1/articles	http://localhost:5173
20240410	19:15:32	f5868bd1-1e43-469f-9f9b-55b667f17ee8	GET	/api/v1/articles	http://localhost:5173
20240410	19:15:32	350d05ab-8bec-4d78-a70b-24792cd1cefe	GET	/api/v1/articles	http://localhost:5173
20240410	19:15:32	8bd198c5-0b3b-482e-a411-fbedafc3c3eb	GET	/api/v1/articles	http://localhost:5173
